<?xml version="1.0" encoding="UTF-8"?>
<!-- Generated by org.testng.reporters.JUnitXMLReporter -->
<testsuite ignored="0" hostname="Yashaswini" failures="0" tests="2" name="Linux-Firefox" time="0.319" errors="0" timestamp="2025-05-31T17:53:51 IST">
  <testcase classname="testCases.TC001_AccountRegistrationTest" name="verify_account_registration" time="0.0">
    <skipped/>
  </testcase> <!-- verify_account_registration -->
  <testcase classname="testCases.TC002_AccountLogin" name="verify_AccountLogin" time="0.0">
    <skipped/>
  </testcase> <!-- verify_AccountLogin -->
</testsuite> <!-- Linux-Firefox -->
