<?xml version="1.0" encoding="UTF-8"?>
<testng-results ignored="0" total="2" passed="2" failed="0" skipped="0">
  <reporter-output>
  </reporter-output>
  <suite started-at="2025-05-31T21:15:36 IST" name="Suite" finished-at="2025-05-31T21:16:03 IST" duration-ms="26242">
    <groups>
      <group name="regression">
        <method signature="TC001_AccountRegistrationTest.verify_account_registration()[pri:0, instance:testCases.TC001_AccountRegistrationTest@53251a66]" name="verify_account_registration" class="testCases.TC001_AccountRegistrationTest"/>
      </group> <!-- regression -->
      <group name="sanity">
        <method signature="TC002_AccountLogin.verify_AccountLogin()[pri:0, instance:testCases.TC002_AccountLogin@282cb7c7]" name="verify_AccountLogin" class="testCases.TC002_AccountLogin"/>
      </group> <!-- sanity -->
      <group name="master">
        <method signature="TC001_AccountRegistrationTest.verify_account_registration()[pri:0, instance:testCases.TC001_AccountRegistrationTest@53251a66]" name="verify_account_registration" class="testCases.TC001_AccountRegistrationTest"/>
        <method signature="TC002_AccountLogin.verify_AccountLogin()[pri:0, instance:testCases.TC002_AccountLogin@282cb7c7]" name="verify_AccountLogin" class="testCases.TC002_AccountLogin"/>
      </group> <!-- master -->
    </groups>
    <test started-at="2025-05-31T21:15:36 IST" name="Test" finished-at="2025-05-31T21:16:03 IST" duration-ms="26242">
      <class name="testCases.TC002_AccountLogin">
        <test-method is-config="true" signature="setup(java.lang.String,java.lang.String)[pri:0, instance:testCases.TC002_AccountLogin@282cb7c7]" started-at="2025-05-31T21:15:53 IST" name="setup" finished-at="2025-05-31T21:16:00 IST" duration-ms="6823" status="PASS">
          <params>
            <param index="0">
              <value>
                <![CDATA[windows]]>
              </value>
            </param>
            <param index="1">
              <value>
                <![CDATA[chrome]]>
              </value>
            </param>
          </params>
          <reporter-output>
          </reporter-output>
        </test-method> <!-- setup -->
        <test-method signature="verify_AccountLogin()[pri:0, instance:testCases.TC002_AccountLogin@282cb7c7]" started-at="2025-05-31T21:16:00 IST" name="verify_AccountLogin" finished-at="2025-05-31T21:16:02 IST" duration-ms="1877" status="PASS">
          <reporter-output>
          </reporter-output>
        </test-method> <!-- verify_AccountLogin -->
        <test-method is-config="true" signature="tearDown()[pri:0, instance:testCases.TC002_AccountLogin@282cb7c7]" started-at="2025-05-31T21:16:02 IST" name="tearDown" finished-at="2025-05-31T21:16:03 IST" duration-ms="451" status="PASS">
          <reporter-output>
          </reporter-output>
        </test-method> <!-- tearDown -->
      </class> <!-- testCases.TC002_AccountLogin -->
      <class name="testCases.TC001_AccountRegistrationTest">
        <test-method is-config="true" signature="setup(java.lang.String,java.lang.String)[pri:0, instance:testCases.TC001_AccountRegistrationTest@53251a66]" started-at="2025-05-31T21:15:37 IST" name="setup" finished-at="2025-05-31T21:15:46 IST" duration-ms="8933" status="PASS">
          <params>
            <param index="0">
              <value>
                <![CDATA[windows]]>
              </value>
            </param>
            <param index="1">
              <value>
                <![CDATA[chrome]]>
              </value>
            </param>
          </params>
          <reporter-output>
          </reporter-output>
        </test-method> <!-- setup -->
        <test-method signature="verify_account_registration()[pri:0, instance:testCases.TC001_AccountRegistrationTest@53251a66]" started-at="2025-05-31T21:15:46 IST" name="verify_account_registration" finished-at="2025-05-31T21:15:53 IST" duration-ms="7470" status="PASS">
          <reporter-output>
          </reporter-output>
        </test-method> <!-- verify_account_registration -->
        <test-method is-config="true" signature="tearDown()[pri:0, instance:testCases.TC001_AccountRegistrationTest@53251a66]" started-at="2025-05-31T21:15:53 IST" name="tearDown" finished-at="2025-05-31T21:15:53 IST" duration-ms="370" status="PASS">
          <reporter-output>
          </reporter-output>
        </test-method> <!-- tearDown -->
      </class> <!-- testCases.TC001_AccountRegistrationTest -->
    </test> <!-- Test -->
  </suite> <!-- Suite -->
</testng-results>
